2026-03-22T15:11:36.146Z [INFO]: Starting CSV producer...
2026-03-22T15:11:36.163Z [INFO]: Processing files concurrently: /Users/LIJIE01/Downloads/interview_tech_test_kafka/local-input/artificial-test-transactions-1.csv, /Users/LIJIE01/Downloads/interview_tech_test_kafka/local-input/artificial-test-transactions-2.csv, /Users/LIJIE01/Downloads/interview_tech_test_kafka/local-input/artificial-test-transactions.csv
2026-03-22T15:11:36.206Z [INFO]: Finished processing artificial-test-transactions-1.csv (20 rows)
2026-03-22T15:11:36.206Z [INFO]: Finished processing artificial-test-transactions-2.csv (20 rows)
2026-03-22T15:11:36.207Z [INFO]: Finished processing artificial-test-transactions.csv (20 rows)
2026-03-22T15:11:36.208Z [INFO]: Producer disconnected. All files processed.
2026-03-22T15:13:26.202Z [INFO]: Starting CSV producer...
2026-03-22T15:13:26.217Z [INFO]: Processing files concurrently: /Users/LIJIE01/Downloads/interview_tech_test_kafka/local-input/artificial-test-transactions-1.csv, /Users/LIJIE01/Downloads/interview_tech_test_kafka/local-input/artificial-test-transactions-2.csv, /Users/LIJIE01/Downloads/interview_tech_test_kafka/local-input/artificial-test-transactions.csv
2026-03-22T15:13:26.250Z [INFO]: Finished processing artificial-test-transactions-1.csv (20 rows)
2026-03-22T15:13:26.252Z [INFO]: Finished processing artificial-test-transactions-2.csv (20 rows)
2026-03-22T15:13:26.252Z [INFO]: Finished processing artificial-test-transactions.csv (20 rows)
2026-03-22T15:13:26.253Z [INFO]: Producer disconnected. All files processed.
2026-03-22T15:14:12.528Z [INFO]: Starting CSV producer...
2026-03-22T15:14:12.544Z [INFO]: Processing files concurrently: /Users/LIJIE01/Downloads/interview_tech_test_kafka/local-input/artificial-test-transactions-1.csv, /Users/LIJIE01/Downloads/interview_tech_test_kafka/local-input/artificial-test-transactions-2.csv, /Users/LIJIE01/Downloads/interview_tech_test_kafka/local-input/artificial-test-transactions.csv
2026-03-22T15:14:12.578Z [INFO]: Finished processing artificial-test-transactions-2.csv (20 rows)
2026-03-22T15:14:12.578Z [INFO]: Finished processing artificial-test-transactions.csv (20 rows)
2026-03-22T15:14:12.578Z [INFO]: Finished processing artificial-test-transactions-1.csv (20 rows)
2026-03-22T15:14:12.579Z [INFO]: Producer disconnected. All files processed.
2026-03-22T15:16:23.317Z [INFO]: Starting CSV producer...
2026-03-22T15:16:23.333Z [INFO]: Processing files concurrently: /Users/LIJIE01/Downloads/interview_tech_test_kafka/local-input/artificial-test-transactions-1.csv, /Users/LIJIE01/Downloads/interview_tech_test_kafka/local-input/artificial-test-transactions-2.csv, /Users/LIJIE01/Downloads/interview_tech_test_kafka/local-input/artificial-test-transactions.csv
2026-03-22T15:16:23.368Z [INFO]: Finished processing artificial-test-transactions-1.csv (20 rows)
2026-03-22T15:16:23.368Z [INFO]: Finished processing artificial-test-transactions.csv (20 rows)
2026-03-22T15:16:23.368Z [INFO]: Finished processing artificial-test-transactions-2.csv (20 rows)
2026-03-22T15:16:23.369Z [INFO]: Producer disconnected. All files processed.
2026-03-22T15:27:02.739Z [INFO]: Starting CSV producer...
2026-03-22T15:27:03.108Z [INFO]: Processing files concurrently: /Users/LIJIE01/Downloads/interview_tech_test_kafka/local-input/artificial-test-transactions-1.csv, /Users/LIJIE01/Downloads/interview_tech_test_kafka/local-input/artificial-test-transactions-2.csv, /Users/LIJIE01/Downloads/interview_tech_test_kafka/local-input/artificial-test-transactions.csv
2026-03-22T15:27:03.157Z [INFO]: Finished processing artificial-test-transactions-1.csv (20 rows)
2026-03-22T15:27:03.159Z [INFO]: Finished processing artificial-test-transactions.csv (20 rows)
2026-03-22T15:27:03.161Z [INFO]: Finished processing artificial-test-transactions-2.csv (20 rows)
2026-03-22T15:27:03.162Z [INFO]: Producer disconnected. All files processed.
2026-03-22T15:31:43.819Z [INFO]: Starting CSV producer...
2026-03-22T15:31:44.124Z [INFO]: Processing files concurrently: /Users/LIJIE01/Downloads/interview_tech_test_kafka/local-input/artificial-test-transactions-1.csv, /Users/LIJIE01/Downloads/interview_tech_test_kafka/local-input/artificial-test-transactions-2.csv, /Users/LIJIE01/Downloads/interview_tech_test_kafka/local-input/artificial-test-transactions.csv
2026-03-22T15:31:44.192Z [INFO]: Finished processing artificial-test-transactions-2.csv (20 rows)
2026-03-22T15:31:44.195Z [INFO]: Finished processing artificial-test-transactions.csv (20 rows)
2026-03-22T15:31:44.199Z [INFO]: Finished processing artificial-test-transactions-1.csv (20 rows)
2026-03-22T15:31:44.200Z [INFO]: Producer disconnected. All files processed.
2026-03-22T15:33:54.130Z [INFO]: Starting CSV producer...
2026-03-22T15:33:54.158Z [INFO]: Processing files concurrently: /Users/LIJIE01/Downloads/interview_tech_test_kafka/local-input/artificial-test-transactions-1.csv, /Users/LIJIE01/Downloads/interview_tech_test_kafka/local-input/artificial-test-transactions-2.csv, /Users/LIJIE01/Downloads/interview_tech_test_kafka/local-input/artificial-test-transactions.csv
2026-03-22T15:33:54.204Z [INFO]: Finished processing artificial-test-transactions-1.csv (20 rows)
2026-03-22T15:33:54.209Z [INFO]: Finished processing artificial-test-transactions.csv (20 rows)
2026-03-22T15:33:54.212Z [INFO]: Finished processing artificial-test-transactions-2.csv (20 rows)
2026-03-22T15:33:54.212Z [INFO]: Producer disconnected. All files processed.
2026-03-22T15:34:22.491Z [INFO]: Starting CSV producer...
2026-03-22T15:34:22.588Z [INFO]: Processing files concurrently: /Users/LIJIE01/Downloads/interview_tech_test_kafka/local-input/artificial-test-transactions-1.csv, /Users/LIJIE01/Downloads/interview_tech_test_kafka/local-input/artificial-test-transactions-2.csv, /Users/LIJIE01/Downloads/interview_tech_test_kafka/local-input/artificial-test-transactions.csv
2026-03-22T15:34:22.662Z [INFO]: Finished processing artificial-test-transactions.csv (20 rows)
2026-03-22T15:34:22.707Z [INFO]: Finished processing artificial-test-transactions-1.csv (20 rows)
2026-03-22T15:34:22.718Z [INFO]: Finished processing artificial-test-transactions-2.csv (20 rows)
2026-03-22T15:34:22.719Z [INFO]: Producer disconnected. All files processed.
2026-03-22T15:34:34.939Z [INFO]: Starting CSV producer...
2026-03-22T15:34:34.957Z [INFO]: Processing files concurrently: /Users/LIJIE01/Downloads/interview_tech_test_kafka/local-input/artificial-test-transactions-1.csv, /Users/LIJIE01/Downloads/interview_tech_test_kafka/local-input/artificial-test-transactions-2.csv, /Users/LIJIE01/Downloads/interview_tech_test_kafka/local-input/artificial-test-transactions.csv
2026-03-22T15:34:34.997Z [INFO]: Finished processing artificial-test-transactions.csv (20 rows)
2026-03-22T15:34:35.001Z [INFO]: Finished processing artificial-test-transactions-2.csv (20 rows)
2026-03-22T15:34:35.003Z [INFO]: Finished processing artificial-test-transactions-1.csv (20 rows)
2026-03-22T15:34:35.004Z [INFO]: Producer disconnected. All files processed.
2026-03-22T15:39:49.799Z [INFO]: Starting CSV producer...
2026-03-22T15:39:49.815Z [INFO]: Processing files concurrently: /Users/LIJIE01/Downloads/interview_tech_test_kafka/local-input/artificial-test-transactions-1.csv, /Users/LIJIE01/Downloads/interview_tech_test_kafka/local-input/artificial-test-transactions-2.csv, /Users/LIJIE01/Downloads/interview_tech_test_kafka/local-input/artificial-test-transactions.csv
2026-03-22T15:39:49.851Z [INFO]: Finished processing artificial-test-transactions-1.csv (20 rows)
2026-03-22T15:39:49.852Z [INFO]: Finished processing artificial-test-transactions.csv (20 rows)
2026-03-22T15:39:49.853Z [INFO]: Finished processing artificial-test-transactions-2.csv (20 rows)
2026-03-22T15:39:49.853Z [INFO]: Producer disconnected. All files processed.
2026-03-22T15:43:07.629Z [INFO]: Starting CSV producer...
2026-03-22T15:43:07.645Z [INFO]: Processing files concurrently: /Users/LIJIE01/Downloads/interview_tech_test_kafka/local-input/artificial-test-transactions-1.csv, /Users/LIJIE01/Downloads/interview_tech_test_kafka/local-input/artificial-test-transactions-2.csv, /Users/LIJIE01/Downloads/interview_tech_test_kafka/local-input/artificial-test-transactions.csv
2026-03-22T15:43:07.682Z [INFO]: Finished processing artificial-test-transactions-1.csv (20 rows)
2026-03-22T15:43:07.682Z [INFO]: Finished processing artificial-test-transactions-2.csv (20 rows)
2026-03-22T15:43:07.682Z [INFO]: Finished processing artificial-test-transactions.csv (20 rows)
2026-03-22T15:43:07.683Z [INFO]: Producer disconnected. All files processed.
2026-03-22T15:58:30.204Z [INFO]: Starting CSV producer...
2026-03-22T15:58:30.223Z [INFO]: Processing files concurrently: /Users/LIJIE01/Downloads/interview_tech_test_kafka/local-input/artificial-test-transactions-1.csv, /Users/LIJIE01/Downloads/interview_tech_test_kafka/local-input/artificial-test-transactions-2.csv, /Users/LIJIE01/Downloads/interview_tech_test_kafka/local-input/artificial-test-transactions.csv
2026-03-22T15:58:30.267Z [INFO]: Finished processing artificial-test-transactions-1.csv (20 rows)
2026-03-22T15:58:30.267Z [INFO]: Finished processing artificial-test-transactions.csv (20 rows)
2026-03-22T15:58:30.269Z [INFO]: Finished processing artificial-test-transactions-2.csv (20 rows)
2026-03-22T15:58:30.269Z [INFO]: Producer disconnected. All files processed.
2026-03-22T16:12:20.567Z [INFO]: Starting CSV producer...
2026-03-22T16:12:20.588Z [INFO]: Processing files concurrently: /Users/LIJIE01/Downloads/interview_tech_test_kafka/local-input/artificial-test-transactions-1.csv, /Users/LIJIE01/Downloads/interview_tech_test_kafka/local-input/artificial-test-transactions-2.csv, /Users/LIJIE01/Downloads/interview_tech_test_kafka/local-input/artificial-test-transactions.csv
2026-03-22T16:12:20.601Z [INFO]: Finished processing artificial-test-transactions-2.csv (20 rows)
2026-03-22T16:12:20.602Z [INFO]: Finished processing artificial-test-transactions-1.csv (20 rows)
2026-03-22T16:12:20.602Z [INFO]: Finished processing artificial-test-transactions.csv (20 rows)
2026-03-22T16:12:20.602Z [INFO]: Producer disconnected. All files processed.
2026-03-22T16:12:20.906Z [INFO]: Total Kafka queue lag: 3 messages
2026-03-22T16:12:20.907Z [ERROR]: Failed to send batch: The producer is disconnected
2026-03-22T16:12:20.907Z [ERROR]: Error processing queue for artificial-test-transactions-1.csv: The producer is disconnected
2026-03-22T16:12:20.920Z [INFO]: Total Kafka queue lag: 3 messages
2026-03-22T16:12:20.921Z [ERROR]: Failed to send batch: The producer is disconnected
2026-03-22T16:12:20.922Z [ERROR]: Error processing queue for artificial-test-transactions-2.csv: The producer is disconnected
2026-03-22T16:12:20.956Z [INFO]: Total Kafka queue lag: 3 messages
2026-03-22T16:12:20.956Z [ERROR]: Failed to send batch: The producer is disconnected
2026-03-22T16:12:20.957Z [ERROR]: Error processing queue for artificial-test-transactions.csv: The producer is disconnected
2026-03-22T16:14:54.231Z [INFO]: Starting CSV producer...
2026-03-22T16:14:54.250Z [INFO]: Processing files concurrently: /Users/LIJIE01/Downloads/interview_tech_test_kafka/local-input/artificial-test-transactions-1.csv, /Users/LIJIE01/Downloads/interview_tech_test_kafka/local-input/artificial-test-transactions-2.csv, /Users/LIJIE01/Downloads/interview_tech_test_kafka/local-input/artificial-test-transactions.csv
2026-03-22T16:14:54.261Z [INFO]: Finished processing artificial-test-transactions-1.csv (20 rows)
2026-03-22T16:14:54.262Z [INFO]: Finished processing artificial-test-transactions-2.csv (20 rows)
2026-03-22T16:14:54.263Z [INFO]: Finished processing artificial-test-transactions.csv (20 rows)
2026-03-22T16:14:54.263Z [INFO]: Producer disconnected. All files processed.
2026-03-22T16:14:54.578Z [INFO]: Total Kafka queue lag: 3 messages
2026-03-22T16:14:54.579Z [ERROR]: Failed to send batch: The producer is disconnected
2026-03-22T16:14:54.580Z [ERROR]: Error processing queue for artificial-test-transactions-2.csv: The producer is disconnected
2026-03-22T16:14:54.625Z [INFO]: Total Kafka queue lag: 3 messages
2026-03-22T16:14:54.625Z [ERROR]: Failed to send batch: The producer is disconnected
2026-03-22T16:14:54.626Z [ERROR]: Error processing queue for artificial-test-transactions.csv: The producer is disconnected
2026-03-22T16:14:55.244Z [INFO]: Total Kafka queue lag: 3 messages
2026-03-22T16:14:55.245Z [ERROR]: Failed to send batch: The producer is disconnected
2026-03-22T16:14:55.245Z [ERROR]: Error processing queue for artificial-test-transactions-1.csv: The producer is disconnected
2026-03-22T16:15:12.701Z [INFO]: Starting CSV producer...
2026-03-22T16:15:12.802Z [INFO]: Processing files concurrently: /Users/LIJIE01/Downloads/interview_tech_test_kafka/local-input/artificial-test-transactions-1.csv, /Users/LIJIE01/Downloads/interview_tech_test_kafka/local-input/artificial-test-transactions-2.csv, /Users/LIJIE01/Downloads/interview_tech_test_kafka/local-input/artificial-test-transactions.csv
2026-03-22T16:15:12.813Z [INFO]: Finished processing artificial-test-transactions-2.csv (20 rows)
2026-03-22T16:15:12.813Z [INFO]: Finished processing artificial-test-transactions-1.csv (20 rows)
2026-03-22T16:15:12.814Z [INFO]: Finished processing artificial-test-transactions.csv (20 rows)
2026-03-22T16:15:12.814Z [INFO]: Producer disconnected. All files processed.
2026-03-22T16:15:13.081Z [INFO]: Total Kafka queue lag: 3 messages
2026-03-22T16:15:13.081Z [ERROR]: Failed to send batch: The producer is disconnected
2026-03-22T16:15:13.082Z [ERROR]: Error processing queue for artificial-test-transactions-1.csv: The producer is disconnected
2026-03-22T16:15:13.090Z [INFO]: Total Kafka queue lag: 3 messages
2026-03-22T16:15:13.090Z [ERROR]: Failed to send batch: The producer is disconnected
2026-03-22T16:15:13.091Z [ERROR]: Error processing queue for artificial-test-transactions.csv: The producer is disconnected
2026-03-22T16:15:13.161Z [INFO]: Total Kafka queue lag: 3 messages
2026-03-22T16:15:13.161Z [ERROR]: Failed to send batch: The producer is disconnected
2026-03-22T16:15:13.161Z [ERROR]: Error processing queue for artificial-test-transactions-2.csv: The producer is disconnected
2026-03-22T16:18:07.385Z [INFO]: Starting CSV producer...
2026-03-22T16:18:07.414Z [INFO]: Processing files concurrently: /Users/LIJIE01/Downloads/interview_tech_test_kafka/local-input/artificial-test-transactions-1.csv, /Users/LIJIE01/Downloads/interview_tech_test_kafka/local-input/artificial-test-transactions-2.csv, /Users/LIJIE01/Downloads/interview_tech_test_kafka/local-input/artificial-test-transactions.csv
2026-03-22T16:18:07.455Z [INFO]: Finished processing artificial-test-transactions-2.csv (20 rows)
2026-03-22T16:18:07.459Z [INFO]: Finished processing artificial-test-transactions.csv (20 rows)
2026-03-22T16:18:07.463Z [INFO]: Finished processing artificial-test-transactions-1.csv (20 rows)
2026-03-22T16:18:07.463Z [INFO]: Producer disconnected. All files processed.
2026-03-22T16:21:49.905Z [INFO]: Starting CSV producer...
2026-03-22T16:21:49.920Z [INFO]: Processing files concurrently: /Users/LIJIE01/Downloads/interview_tech_test_kafka/local-input/artificial-test-transactions-1.csv, /Users/LIJIE01/Downloads/interview_tech_test_kafka/local-input/artificial-test-transactions-2.csv, /Users/LIJIE01/Downloads/interview_tech_test_kafka/local-input/artificial-test-transactions.csv
2026-03-22T16:21:49.958Z [INFO]: Finished processing artificial-test-transactions-1.csv (20 rows)
2026-03-22T16:21:49.960Z [INFO]: Finished processing artificial-test-transactions-2.csv (20 rows)
2026-03-22T16:21:49.960Z [INFO]: Finished processing artificial-test-transactions.csv (20 rows)
2026-03-22T16:21:49.961Z [INFO]: Producer disconnected. All files processed.
